f:\myprojects\antisway\antisway\x64\release\antisway.lib
f:\myprojects\antisway\antisway\x64\release\antisway.exp
f:\myprojects\antisway\antisway\x64\release\vc140.pdb
f:\myprojects\antisway\antisway\x64\release\antisway.obj
f:\myprojects\antisway\antisway\x64\release\antisway.dll
f:\myprojects\antisway\antisway\x64\release\antisway.ipdb
f:\myprojects\antisway\antisway\x64\release\antisway.iobj
f:\myprojects\antisway\antisway\x64\release\antisway.pdb
f:\myprojects\antisway\antisway\x64\release\resource.res
f:\myprojects\antisway\antisway\x64\release\pidtest.ipdb
f:\myprojects\antisway\antisway\x64\release\pidtest.iobj
f:\myprojects\antisway\antisway\x64\release\pidtest.pdb
f:\myprojects\antisway\antisway\x64\release\antisway.tlog\antisway.write.1u.tlog
f:\myprojects\antisway\antisway\x64\release\antisway.tlog\cl.command.1.tlog
f:\myprojects\antisway\antisway\x64\release\antisway.tlog\cl.read.1.tlog
f:\myprojects\antisway\antisway\x64\release\antisway.tlog\cl.write.1.tlog
f:\myprojects\antisway\antisway\x64\release\antisway.tlog\link.command.1.tlog
f:\myprojects\antisway\antisway\x64\release\antisway.tlog\link.read.1.tlog
f:\myprojects\antisway\antisway\x64\release\antisway.tlog\link.write.1.tlog
f:\myprojects\antisway\antisway\x64\release\antisway.tlog\rc.command.1.tlog
f:\myprojects\antisway\antisway\x64\release\antisway.tlog\rc.read.1.tlog
f:\myprojects\antisway\antisway\x64\release\antisway.tlog\rc.write.1.tlog
